<?xml version="1.0" encoding="UTF-8"?>
<!-- Generated by org.testng.reporters.JUnitReportReporter -->
<testsuite hostname="jorge" name="com.almundo.callcenter.semaphore.CallCenterRunTest" tests="1" failures="0" timestamp="24 Apr 2018 04:56:45 GMT" time="2.028" errors="0">
  <testcase name="callSemaphore" time="2.028" classname="com.almundo.callcenter.semaphore.CallCenterRunTest"/>
</testsuite> <!-- com.almundo.callcenter.semaphore.CallCenterRunTest -->
