<?xml version="1.0" encoding="UTF-8"?>
<!-- Generated by org.testng.reporters.JUnitReportReporter -->
<testsuite hostname="jorge" name="com.almundo.callcenter.ConcurrentlyCase1Tests" tests="1" failures="0" timestamp="23 Apr 2018 10:53:25 GMT" time="2.124" errors="0">
  <testcase name="concurrentTest" time="2.124" classname="com.almundo.callcenter.ConcurrentlyCase1Tests"/>
</testsuite> <!-- com.almundo.callcenter.ConcurrentlyCase1Tests -->
