<?xml version="1.0" encoding="UTF-8"?>
<!-- Generated by org.testng.reporters.JUnitReportReporter -->
<testsuite hostname="Beitech-Jorge" name="com.almundo.callcenter.ConcurrentlyCase1Tests" tests="1" failures="0" timestamp="23 Apr 2018 21:52:11 GMT" time="2.135" errors="0">
  <testcase name="concurrentTest" time="2.135" classname="com.almundo.callcenter.ConcurrentlyCase1Tests"/>
</testsuite> <!-- com.almundo.callcenter.ConcurrentlyCase1Tests -->
