<?xml version="1.0" encoding="UTF-8"?>
<!-- Generated by org.testng.reporters.JUnitReportReporter -->
<testsuite hostname="jorge" name="com.almundo.callcenter.ConcurrentlyCase4Tests" tests="2" failures="0" timestamp="24 Apr 2018 13:28:04 GMT" time="4.092" errors="0">
  <testcase name="concurrentTest_10_threads_at_time" time="2.007" classname="com.almundo.callcenter.ConcurrentlyCase4Tests"/>
  <testcase name="concurrentTest" time="2.085" classname="com.almundo.callcenter.ConcurrentlyCase4Tests"/>
</testsuite> <!-- com.almundo.callcenter.ConcurrentlyCase4Tests -->
