<?xml version="1.0" encoding="UTF-8"?>
<!-- Generated by org.testng.reporters.JUnitReportReporter -->
<testsuite hostname="jorge" name="com.almundo.callcenter.ConcurrentlyCase4Tests" tests="1" failures="0" timestamp="24 Apr 2018 04:40:27 GMT" time="2.073" errors="0">
  <testcase name="concurrentTest" time="2.073" classname="com.almundo.callcenter.ConcurrentlyCase4Tests"/>
</testsuite> <!-- com.almundo.callcenter.ConcurrentlyCase4Tests -->
