<?xml version="1.0" encoding="UTF-8"?>
<!-- Generated by org.testng.reporters.JUnitReportReporter -->
<testsuite hostname="jorge" name="com.almundo.callcenter.ConcurrentlyCase3Tests" tests="2" failures="0" timestamp="24 Apr 2018 04:32:01 GMT" time="0.123" errors="0">
  <testcase name="concurrentCallsLimitTest" time="0.001" classname="com.almundo.callcenter.ConcurrentlyCase3Tests"/>
  <testcase name="concurrent10CallsTest" time="0.122" classname="com.almundo.callcenter.ConcurrentlyCase3Tests"/>
</testsuite> <!-- com.almundo.callcenter.ConcurrentlyCase3Tests -->
