<?xml version="1.0" encoding="UTF-8"?>
<!-- Generated by org.testng.reporters.JUnitReportReporter -->
<testsuite hostname="Beitech-Jorge" name="com.almundo.callcenter.ConcurrentlyCase2Tests" tests="1" failures="0" timestamp="23 Apr 2018 21:52:26 GMT" time="2.137" errors="0">
  <testcase name="concurrentTest" time="2.137" classname="com.almundo.callcenter.ConcurrentlyCase2Tests"/>
</testsuite> <!-- com.almundo.callcenter.ConcurrentlyCase2Tests -->
