<?xml version="1.0" encoding="UTF-8"?>
<!-- Generated by org.testng.reporters.JUnitReportReporter -->
<testsuite hostname="jorge" name="com.almundo.callcenter.EmployessTest" tests="2" failures="0" timestamp="23 Apr 2018 10:53:39 GMT" time="0.159" errors="0">
  <testcase name="dispararLLamadas" time="0.015" classname="com.almundo.callcenter.EmployessTest"/>
  <testcase name="prioridadAtencion2" time="0.144" classname="com.almundo.callcenter.EmployessTest"/>
</testsuite> <!-- com.almundo.callcenter.EmployessTest -->
