<?xml version="1.0" encoding="UTF-8"?>
<!-- Generated by org.testng.reporters.JUnitReportReporter -->
<testsuite hostname="Beitech-Jorge" name="com.almundo.callcenter.ConcurrentlyCase3Tests" tests="1" failures="0" timestamp="23 Apr 2018 23:10:29 GMT" time="0.142" errors="0">
  <testcase name="concurrentCallsLimitTest" time="0.142" classname="com.almundo.callcenter.ConcurrentlyCase3Tests"/>
</testsuite> <!-- com.almundo.callcenter.ConcurrentlyCase3Tests -->
