<?xml version="1.0" encoding="UTF-8"?>
<!-- Generated by org.testng.reporters.JUnitReportReporter -->
<testsuite hostname="jorge" name="com.almundo.callcenter.CallcenterMainProcessTest" tests="2" failures="0" timestamp="23 Apr 2018 01:44:41 GMT" time="0.287" errors="0">
  <testcase name="prioridadAtencion2" time="0.271" classname="com.almundo.callcenter.CallcenterMainProcessTest"/>
  <testcase name="dispararLLamadas" time="0.016" classname="com.almundo.callcenter.CallcenterMainProcessTest"/>
</testsuite> <!-- com.almundo.callcenter.CallcenterMainProcessTest -->
